TN:
SF:E:\NC State Lectures\Sem3\CSC 591 - DevOps\Homeworks\HW2\DevopsHW2_TestGeneration\test.js
FNF:0
FNH:0
DA:1,1
DA:2,1
DA:3,1
DA:4,1
DA:5,1
DA:6,1
DA:7,1
DA:8,1
DA:9,1
DA:10,1
DA:11,1
DA:12,1
DA:13,1
DA:14,1
DA:15,1
DA:16,1
DA:17,1
DA:18,1
DA:19,1
DA:20,1
DA:21,1
DA:22,1
DA:23,1
DA:24,1
DA:25,1
DA:26,1
DA:27,1
DA:28,1
DA:29,1
DA:30,1
DA:31,1
DA:32,1
DA:33,1
DA:34,1
DA:35,1
DA:36,1
DA:37,1
DA:38,1
DA:39,1
DA:40,1
DA:41,1
DA:42,1
LF:42
LH:42
BRF:0
BRH:0
end_of_record
TN:
SF:E:\NC State Lectures\Sem3\CSC 591 - DevOps\Homeworks\HW2\DevopsHW2_TestGeneration\subject.js
FN:3,inc
FN:12,weird
FN:40,fileTest
FN:64,normalize
FN:73,format
FN:88,blackListNumber
FNF:6
FNH:5
FNDA:9,inc
FNDA:0,weird
FNDA:12,fileTest
FNDA:6,normalize
FNDA:6,format
FNDA:5,blackListNumber
DA:1,1
DA:3,1
DA:4,9
DA:5,9
DA:7,0
DA:9,9
DA:12,1
DA:14,0
DA:16,0
DA:18,0
DA:20,0
DA:22,0
DA:24,0
DA:26,0
DA:31,0
DA:33,0
DA:36,0
DA:40,1
DA:42,12
DA:44,7
DA:47,5
DA:48,5
DA:50,2
DA:53,3
DA:55,2
DA:56,2
DA:58,1
DA:60,1
DA:64,1
DA:66,6
DA:73,1
DA:76,6
DA:77,5
DA:80,6
DA:81,20
DA:84,6
DA:88,1
DA:90,5
DA:91,5
DA:92,5
DA:94,0
DA:96,5
DA:99,1
DA:100,1
DA:101,1
DA:102,1
DA:103,1
DA:104,1
LF:48
LH:36
BRDA:4,1,0,2
BRDA:4,1,1,7
BRDA:5,2,0,0
BRDA:5,2,1,9
BRDA:14,3,0,0
BRDA:14,3,1,0
BRDA:14,4,0,0
BRDA:14,4,1,0
BRDA:18,5,0,0
BRDA:18,5,1,0
BRDA:20,6,0,0
BRDA:20,6,1,0
BRDA:24,7,0,0
BRDA:24,7,1,0
BRDA:31,8,0,0
BRDA:31,8,1,0
BRDA:42,9,0,7
BRDA:42,9,1,5
BRDA:48,10,0,2
BRDA:48,10,1,3
BRDA:53,11,0,2
BRDA:53,11,1,1
BRDA:56,12,0,1
BRDA:56,12,1,1
BRDA:76,13,0,5
BRDA:76,13,1,1
BRDA:76,14,0,6
BRDA:76,14,1,1
BRDA:92,15,0,0
BRDA:92,15,1,5
BRF:30
BRH:16
end_of_record
